This is pdfTeX, Version 3.141592653-2.6-1.40.25 (MiKTeX 24.1) (preloaded format=pdflatex 2024.9.3)  9 DEC 2024 11:34
entering extended mode
 restricted \write18 enabled.
 %&-line parsing enabled.
**./chapter_2.tex
(chapter_2.tex
LaTeX2e <2023-11-01> patch level 1
L3 programming layer <2024-01-04>

(C:\Users\KRISTIAN LYLE\AppData\Local\Programs\MiKTeX\tex/latex/base\report.cls
Document Class: report 2023/05/17 v1.4n Standard LaTeX document class

(C:\Users\KRISTIAN LYLE\AppData\Local\Programs\MiKTeX\tex/latex/base\size12.clo
File: size12.clo 2023/05/17 v1.4n Standard LaTeX file (size option)
)
\c@part=\count187
\c@chapter=\count188
\c@section=\count189
\c@subsection=\count190
\c@subsubsection=\count191
\c@paragraph=\count192
\c@subparagraph=\count193
\c@figure=\count194
\c@table=\count195
\abovecaptionskip=\skip48
\belowcaptionskip=\skip49
\bibindent=\dimen140
)
(C:\Users\KRISTIAN LYLE\AppData\Local\Programs\MiKTeX\tex/latex/geometry\geomet
ry.sty
Package: geometry 2020/01/02 v5.9 Page Geometry

(C:\Users\KRISTIAN LYLE\AppData\Local\Programs\MiKTeX\tex/latex/graphics\keyval
.sty
Package: keyval 2022/05/29 v1.15 key=value parser (DPC)
\KV@toks@=\toks17
)
(C:\Users\KRISTIAN LYLE\AppData\Local\Programs\MiKTeX\tex/generic/iftex\ifvtex.
sty
Package: ifvtex 2019/10/25 v1.7 ifvtex legacy package. Use iftex instead.

(C:\Users\KRISTIAN LYLE\AppData\Local\Programs\MiKTeX\tex/generic/iftex\iftex.s
ty
Package: iftex 2022/02/03 v1.0f TeX engine tests
))
\Gm@cnth=\count196
\Gm@cntv=\count197
\c@Gm@tempcnt=\count198
\Gm@bindingoffset=\dimen141
\Gm@wd@mp=\dimen142
\Gm@odd@mp=\dimen143
\Gm@even@mp=\dimen144
\Gm@layoutwidth=\dimen145
\Gm@layoutheight=\dimen146
\Gm@layouthoffset=\dimen147
\Gm@layoutvoffset=\dimen148
\Gm@dimlist=\toks18

(C:\Users\KRISTIAN LYLE\AppData\Local\Programs\MiKTeX\tex/latex/geometry\geomet
ry.cfg))
(C:\Users\KRISTIAN LYLE\AppData\Local\Programs\MiKTeX\tex/latex/graphics\graphi
cx.sty
Package: graphicx 2021/09/16 v1.2d Enhanced LaTeX Graphics (DPC,SPQR)

(C:\Users\KRISTIAN LYLE\AppData\Local\Programs\MiKTeX\tex/latex/graphics\graphi
cs.sty
Package: graphics 2022/03/10 v1.4e Standard LaTeX Graphics (DPC,SPQR)

(C:\Users\KRISTIAN LYLE\AppData\Local\Programs\MiKTeX\tex/latex/graphics\trig.s
ty
Package: trig 2021/08/11 v1.11 sin cos tan (DPC)
)
(C:\Users\KRISTIAN LYLE\AppData\Local\Programs\MiKTeX\tex/latex/graphics-cfg\gr
aphics.cfg
File: graphics.cfg 2016/06/04 v1.11 sample graphics configuration
)
Package graphics Info: Driver file: pdftex.def on input line 107.

(C:\Users\KRISTIAN LYLE\AppData\Local\Programs\MiKTeX\tex/latex/graphics-def\pd
ftex.def
File: pdftex.def 2022/09/22 v1.2b Graphics/color driver for pdftex
))
\Gin@req@height=\dimen149
\Gin@req@width=\dimen150
)
(C:\Users\KRISTIAN LYLE\AppData\Local\Programs\MiKTeX\tex/latex/tools\longtable
.sty
Package: longtable 2023-11-01 v4.19 Multi-page Table package (DPC)
\LTleft=\skip50
\LTright=\skip51
\LTpre=\skip52
\LTpost=\skip53
\LTchunksize=\count199
\LTcapwidth=\dimen151
\LT@head=\box51
\LT@firsthead=\box52
\LT@foot=\box53
\LT@lastfoot=\box54
\LT@gbox=\box55
\LT@cols=\count266
\LT@rows=\count267
\c@LT@tables=\count268
\c@LT@chunks=\count269
\LT@p@ftn=\toks19
)
(C:\Users\KRISTIAN LYLE\AppData\Local\Programs\MiKTeX\tex/latex/tools\array.sty
Package: array 2023/10/16 v2.5g Tabular extension package (FMi)
\col@sep=\dimen152
\ar@mcellbox=\box56
\extrarowheight=\dimen153
\NC@list=\toks20
\extratabsurround=\skip54
\backup@length=\skip55
\ar@cellbox=\box57
)
(C:\Users\KRISTIAN LYLE\AppData\Local\Programs\MiKTeX\tex/latex/l3backend\l3bac
kend-pdftex.def
File: l3backend-pdftex.def 2024-01-04 L3 backend support: PDF output (pdfTeX)
\l__color_backend_stack_int=\count270
\l__pdf_internal_box=\box58
) (chapter_2.aux)
\openout1 = `chapter_2.aux'.

LaTeX Font Info:    Checking defaults for OML/cmm/m/it on input line 13.
LaTeX Font Info:    ... okay on input line 13.
LaTeX Font Info:    Checking defaults for OMS/cmsy/m/n on input line 13.
LaTeX Font Info:    ... okay on input line 13.
LaTeX Font Info:    Checking defaults for OT1/cmr/m/n on input line 13.
LaTeX Font Info:    ... okay on input line 13.
LaTeX Font Info:    Checking defaults for T1/cmr/m/n on input line 13.
LaTeX Font Info:    ... okay on input line 13.
LaTeX Font Info:    Checking defaults for TS1/cmr/m/n on input line 13.
LaTeX Font Info:    ... okay on input line 13.
LaTeX Font Info:    Checking defaults for OMX/cmex/m/n on input line 13.
LaTeX Font Info:    ... okay on input line 13.
LaTeX Font Info:    Checking defaults for U/cmr/m/n on input line 13.
LaTeX Font Info:    ... okay on input line 13.

*geometry* driver: auto-detecting
*geometry* detected driver: pdftex
*geometry* verbose mode - [ preamble ] result:
* driver: pdftex
* paper: a4paper
* layout: <same size as paper>
* layoutoffset:(h,v)=(0.0pt,0.0pt)
* modes: 
* h-part:(L,W,R)=(89.62709pt, 418.25368pt, 89.6271pt)
* v-part:(T,H,B)=(101.40665pt, 591.5302pt, 152.11pt)
* \paperwidth=597.50787pt
* \paperheight=845.04684pt
* \textwidth=418.25368pt
* \textheight=591.5302pt
* \oddsidemargin=17.3571pt
* \evensidemargin=17.3571pt
* \topmargin=-7.86334pt
* \headheight=12.0pt
* \headsep=25.0pt
* \topskip=12.0pt
* \footskip=30.0pt
* \marginparwidth=35.0pt
* \marginparsep=10.0pt
* \columnsep=10.0pt
* \skip\footins=10.8pt plus 4.0pt minus 2.0pt
* \hoffset=0.0pt
* \voffset=0.0pt
* \mag=1000
* \@twocolumnfalse
* \@twosidefalse
* \@mparswitchfalse
* \@reversemarginfalse
* (1in=72.27pt=25.4mm, 1cm=28.453pt)


(C:\Users\KRISTIAN LYLE\AppData\Local\Programs\MiKTeX\tex/context/base/mkii\sup
p-pdf.mkii
[Loading MPS to PDF converter (version 2006.09.02).]
\scratchcounter=\count271
\scratchdimen=\dimen154
\scratchbox=\box59
\nofMPsegments=\count272
\nofMParguments=\count273
\everyMPshowfont=\toks21
\MPscratchCnt=\count274
\MPscratchDim=\dimen155
\MPnumerator=\count275
\makeMPintoPDFobject=\count276
\everyMPtoPDFconversion=\toks22
)
(C:\Users\KRISTIAN LYLE\AppData\Local\Programs\MiKTeX\tex/latex/epstopdf-pkg\ep
stopdf-base.sty
Package: epstopdf-base 2020-01-24 v2.11 Base part for package epstopdf
Package epstopdf-base Info: Redefining graphics rule for `.eps' on input line 4
85.

(C:\Users\KRISTIAN LYLE\AppData\Local\Programs\MiKTeX\tex/latex/00miktex\epstop
df-sys.cfg
File: epstopdf-sys.cfg 2021/03/18 v2.0 Configuration of epstopdf for MiKTeX
))
LaTeX Font Info:    External font `cmex10' loaded for size
(Font)              <14.4> on input line 16.
LaTeX Font Info:    External font `cmex10' loaded for size
(Font)              <7> on input line 16.
 [1

{C:/Users/KRISTIAN LYLE/AppData/Local/MiKTeX/fonts/map/pdftex/pdftex.map}]
Chapter 1.
[1

]
Overfull \hbox (26.56752pt too wide) in paragraph at lines 37--37
[]\OT1/cmr/bx/n/14.4 Automated De-tec-tion and Clas-si-fi-ca-tion of Road Anoma
-
 []

LaTeX Font Info:    External font `cmex10' loaded for size
(Font)              <12> on input line 52.
LaTeX Font Info:    External font `cmex10' loaded for size
(Font)              <8> on input line 52.
LaTeX Font Info:    External font `cmex10' loaded for size
(Font)              <6> on input line 52.

Underfull \hbox (badness 10000) in paragraph at lines 54--54
[]|\OT1/cmr/bx/n/12 Technology
 []


Underfull \hbox (badness 1571) in paragraph at lines 55--55
[]|\OT1/cmr/m/n/12 Blockchain (hy-
 []


Underfull \hbox (badness 10000) in paragraph at lines 55--55
[]|\OT1/cmr/m/n/12 Demonstrated fea-si-
 []


Underfull \hbox (badness 10000) in paragraph at lines 55--55
\OT1/cmr/m/n/12 cer-ti-fi-ca-tion, and
 []


Underfull \hbox (badness 10000) in paragraph at lines 55--55
\OT1/cmr/m/n/12 buyer-seller ac-cep-
 []


Underfull \hbox (badness 10000) in paragraph at lines 55--55
[]|\OT1/cmr/m/n/12 Connectivity is-sues,
 []


Underfull \hbox (badness 10000) in paragraph at lines 55--55
\OT1/cmr/m/n/12 us-abil-ity chal-lenges,
 []


Underfull \hbox (badness 1810) in paragraph at lines 56--56
[]|\OT1/cmr/m/n/12 Cocco & Man-
 []


Underfull \hbox (badness 10000) in paragraph at lines 56--56
[]|\OT1/cmr/m/n/12 Blockchain,
 []


Underfull \hbox (badness 10000) in paragraph at lines 56--56
\OT1/cmr/m/n/12 IoT (RFID,
 []


Underfull \hbox (badness 10000) in paragraph at lines 56--56
\OT1/cmr/m/n/12 IPFS, NFC,
 []


Underfull \hbox (badness 10000) in paragraph at lines 56--56
[]|\OT1/cmr/m/n/12 Italian agri-
 []


Underfull \hbox (badness 10000) in paragraph at lines 56--56
\OT1/cmr/m/n/12 food trace-
 []


Underfull \hbox (badness 10000) in paragraph at lines 56--56
[]|\OT1/cmr/m/n/12 Proposed a novel
 []


Underfull \hbox (badness 10000) in paragraph at lines 56--56
\OT1/cmr/m/n/12 blockchain-IoT so-lu-
 []


Underfull \hbox (badness 4193) in paragraph at lines 56--56
\OT1/cmr/m/n/12 tion for trace-abil-ity
 []


Underfull \hbox (badness 10000) in paragraph at lines 56--56
[]|\OT1/cmr/m/n/12 High com-plex-ity,
 []


Underfull \hbox (badness 2922) in paragraph at lines 56--56
\OT1/cmr/m/n/12 mul-ti-ple tech-nolo-gies
 []


Underfull \hbox (badness 10000) in paragraph at lines 57--57
[]|\OT1/cmr/m/n/12 Kresna et al.
 []


Underfull \hbox (badness 3735) in paragraph at lines 57--57
\OT1/cmr/m/n/12 (RFID, CCTV,
 []


Underfull \hbox (badness 1931) in paragraph at lines 57--57
[]|\OT1/cmr/m/n/12 Identified weak-nesses
 []


Underfull \hbox (badness 1226) in paragraph at lines 57--57
\OT1/cmr/m/n/12 in tra-di-tional paper-
 []


Underfull \hbox (badness 10000) in paragraph at lines 57--57
[]|\OT1/cmr/m/n/12 Relied on spe-cific
 []


Underfull \hbox (badness 2932) in paragraph at lines 57--57
\OT1/cmr/m/n/12 tech-nolo-gies (CCTV,
 []


Underfull \hbox (badness 10000) in paragraph at lines 57--57
\OT1/cmr/m/n/12 GPS, RFID); not
 []


Underfull \hbox (badness 10000) in paragraph at lines 57--57
\OT1/cmr/m/n/12 in-te-grated with
 []


Underfull \hbox (badness 10000) in paragraph at lines 58--58
[]|\OT1/cmr/m/n/12 Blockchain,
 []


Underfull \hbox (badness 10000) in paragraph at lines 58--58
[]|\OT1/cmr/m/n/12 Enhanced trans-
 []


Underfull \hbox (badness 10000) in paragraph at lines 58--58
\OT1/cmr/m/n/12 parency and ad-
 []


Underfull \hbox (badness 10000) in paragraph at lines 58--58
\OT1/cmr/m/n/12 dressed is-sues like
 []


Underfull \hbox (badness 10000) in paragraph at lines 58--58
[]|\OT1/cmr/m/n/12 Limited to spe-cific
 []


Underfull \hbox (badness 10000) in paragraph at lines 58--58
\OT1/cmr/m/n/12 re-gions and sup-ply
 []


Underfull \hbox (badness 10000) in paragraph at lines 59--59
\OT1/cmr/m/n/12 Food Trust,
 []


Underfull \hbox (badness 10000) in paragraph at lines 59--59
\OT1/cmr/m/n/12 GTIN/UPC
 []


Underfull \hbox (badness 6592) in paragraph at lines 59--59
[]|\OT1/cmr/m/n/12 Food sup-ply
 []


Underfull \hbox (badness 6792) in paragraph at lines 59--59
[]|\OT1/cmr/m/n/12 Focused on gen-eral
 []


Underfull \hbox (badness 1960) in paragraph at lines 59--59
\OT1/cmr/m/n/12 food prod-ucts; high
 []


Underfull \hbox (badness 1762) in paragraph at lines 59--59
\OT1/cmr/m/n/12 de-pen-dency on IBM
 []


Overfull \hbox (113.61673pt too wide) in paragraph at lines 52--61
 [][] 
 []


LaTeX Warning: `!h' float specifier changed to `!ht'.

[2] [3] (chapter_2.aux)
 ***********
LaTeX2e <2023-11-01> patch level 1
L3 programming layer <2024-01-04>
 ***********
 ) 
Here is how much of TeX's memory you used:
 2048 strings out of 474486
 33749 string characters out of 5739944
 1935542 words of memory out of 5000000
 24353 multiletter control sequences out of 15000+600000
 563843 words of font info for 55 fonts, out of 8000000 for 9000
 1141 hyphenation exceptions out of 8191
 57i,10n,65p,408b,269s stack positions out of 10000i,1000n,20000p,200000b,200000s
<C:/Users/KRISTIAN LYLE/AppData/Local/Programs/MiKTeX/fonts/type1/public/amsf
onts/cm/cmbx12.pfb><C:/Users/KRISTIAN LYLE/AppData/Local/Programs/MiKTeX/fonts/
type1/public/amsfonts/cm/cmr12.pfb><C:/Users/KRISTIAN LYLE/AppData/Local/Progra
ms/MiKTeX/fonts/type1/public/amsfonts/cm/cmr17.pfb>
Output written on chapter_2.pdf (4 pages, 55936 bytes).
PDF statistics:
 30 PDF objects out of 1000 (max. 8388607)
 0 named destinations out of 1000 (max. 500000)
 1 words of extra memory for PDF output out of 10000 (max. 10000000)

