This is pdfTeX, Version 3.141592653-2.6-1.40.25 (MiKTeX 24.1) (preloaded format=pdflatex 2025.1.13)  19 MAY 2025 15:56
entering extended mode
 restricted \write18 enabled.
 %&-line parsing enabled.
**./main.tex
(main.tex
LaTeX2e <2024-11-01> patch level 1
L3 programming layer <2024-12-25>

LaTeX Warning: \include should only be used after \begin{document} on input lin
e 4.

(preamble.tex
(C:\Users\KRISTIAN LYLE\AppData\Local\MiKTeX\tex/latex/base\report.cls
Document Class: report 2024/06/29 v1.4n Standard LaTeX document class
(C:\Users\KRISTIAN LYLE\AppData\Local\MiKTeX\tex/latex/base\size12.clo
File: size12.clo 2024/06/29 v1.4n Standard LaTeX file (size option)
)
\c@part=\count196
\c@chapter=\count197
\c@section=\count198
\c@subsection=\count199
\c@subsubsection=\count266
\c@paragraph=\count267
\c@subparagraph=\count268
\c@figure=\count269
\c@table=\count270
\abovecaptionskip=\skip49
\belowcaptionskip=\skip50
\bibindent=\dimen141
)
(C:\Users\KRISTIAN LYLE\AppData\Local\MiKTeX\tex/latex/pdfpages\pdfpages.sty
Package: pdfpages 2024/10/28 v0.6c Insert pages of external PDF documents (AM)

(C:\Users\KRISTIAN LYLE\AppData\Local\MiKTeX\tex/latex/base\ifthen.sty
Package: ifthen 2024/03/16 v1.1e Standard LaTeX ifthen package (DPC)
)
(C:\Users\KRISTIAN LYLE\AppData\Local\MiKTeX\tex/latex/tools\calc.sty
Package: calc 2023/07/08 v4.3 Infix arithmetic (KKT,FJ)
\calc@Acount=\count271
\calc@Bcount=\count272
\calc@Adimen=\dimen142
\calc@Bdimen=\dimen143
\calc@Askip=\skip51
\calc@Bskip=\skip52
LaTeX Info: Redefining \setlength on input line 80.
LaTeX Info: Redefining \addtolength on input line 81.
\calc@Ccount=\count273
\calc@Cskip=\skip53
)
(C:\Users\KRISTIAN LYLE\AppData\Local\MiKTeX\tex/latex/eso-pic\eso-pic.sty
Package: eso-pic 2023/05/03 v3.0c eso-pic (RN)
\ESO@tempdima=\dimen144
\ESO@tempdimb=\dimen145

(C:\Users\KRISTIAN LYLE\AppData\Local\MiKTeX\tex/latex/graphics\keyval.sty
Package: keyval 2022/05/29 v1.15 key=value parser (DPC)
\KV@toks@=\toks17
)
(C:\Users\KRISTIAN LYLE\AppData\Local\MiKTeX\tex/latex/xcolor\xcolor.sty
Package: xcolor 2024/09/29 v3.02 LaTeX color extensions (UK)

(C:\Users\KRISTIAN LYLE\AppData\Local\MiKTeX\tex/latex/graphics-cfg\color.cfg
File: color.cfg 2016/01/02 v1.6 sample color configuration
)
Package xcolor Info: Driver file: pdftex.def on input line 274.

(C:\Users\KRISTIAN LYLE\AppData\Local\MiKTeX\tex/latex/graphics-def\pdftex.def
File: pdftex.def 2024/04/13 v1.2c Graphics/color driver for pdftex
) (C:\Users\KRISTIAN LYLE\AppData\Local\MiKTeX\tex/latex/graphics\mathcolor.ltx
)
Package xcolor Info: Model `cmy' substituted by `cmy0' on input line 1349.
Package xcolor Info: Model `hsb' substituted by `rgb' on input line 1353.
Package xcolor Info: Model `RGB' extended on input line 1365.
Package xcolor Info: Model `HTML' substituted by `rgb' on input line 1367.
Package xcolor Info: Model `Hsb' substituted by `hsb' on input line 1368.
Package xcolor Info: Model `tHsb' substituted by `hsb' on input line 1369.
Package xcolor Info: Model `HSB' substituted by `hsb' on input line 1370.
Package xcolor Info: Model `Gray' substituted by `gray' on input line 1371.
Package xcolor Info: Model `wave' substituted by `hsb' on input line 1372.
)) (C:\Users\KRISTIAN LYLE\AppData\Local\MiKTeX\tex/latex/graphics\graphicx.sty
Package: graphicx 2021/09/16 v1.2d Enhanced LaTeX Graphics (DPC,SPQR)
(C:\Users\KRISTIAN LYLE\AppData\Local\MiKTeX\tex/latex/graphics\graphics.sty
Package: graphics 2024/08/06 v1.4g Standard LaTeX Graphics (DPC,SPQR)

(C:\Users\KRISTIAN LYLE\AppData\Local\MiKTeX\tex/latex/graphics\trig.sty
Package: trig 2023/12/02 v1.11 sin cos tan (DPC)
)
(C:\Users\KRISTIAN LYLE\AppData\Local\MiKTeX\tex/latex/graphics-cfg\graphics.cf
g
File: graphics.cfg 2016/06/04 v1.11 sample graphics configuration
)
Package graphics Info: Driver file: pdftex.def on input line 106.
)
\Gin@req@height=\dimen146
\Gin@req@width=\dimen147
)
\AM@pagewidth=\dimen148
\AM@pageheight=\dimen149
\AM@fboxrule=\dimen150

(C:\Users\KRISTIAN LYLE\AppData\Local\MiKTeX\tex/latex/pdfpages\pppdftex.def
File: pppdftex.def 2024/10/28 v0.6c Pdfpages driver for pdfTeX (AM)
)
\pdfpages@includegraphics@status=\count274
\AM@pagebox=\box52
\AM@global@opts=\toks18
\AM@pagecnt=\count275
\AM@toc@title=\toks19
\AM@lof@heading=\toks20
\c@AM@survey=\count276
\AM@templatesizebox=\box53
)
(C:\Users\KRISTIAN LYLE\AppData\Local\MiKTeX\tex/latex/apacite\apacite.sty
Package: apacite 2013/07/21 v6.03 APA citation
\c@BibCnt=\count277
\bibleftmargin=\skip54
\bibindent=\skip55
\bibparsep=\skip56
\bibitemsep=\skip57
\biblabelsep=\skip58
)
(C:\Users\KRISTIAN LYLE\AppData\Local\MiKTeX\tex/latex/amsmath\amsmath.sty
Package: amsmath 2024/11/05 v2.17t AMS math features
\@mathmargin=\skip59

For additional information on amsmath, use the `?' option.
(C:\Users\KRISTIAN LYLE\AppData\Local\MiKTeX\tex/latex/amsmath\amstext.sty
Package: amstext 2021/08/26 v2.01 AMS text

(C:\Users\KRISTIAN LYLE\AppData\Local\MiKTeX\tex/latex/amsmath\amsgen.sty
File: amsgen.sty 1999/11/30 v2.0 generic functions
\@emptytoks=\toks21
\ex@=\dimen151
))
(C:\Users\KRISTIAN LYLE\AppData\Local\MiKTeX\tex/latex/amsmath\amsbsy.sty
Package: amsbsy 1999/11/29 v1.2d Bold Symbols
\pmbraise@=\dimen152
)
(C:\Users\KRISTIAN LYLE\AppData\Local\MiKTeX\tex/latex/amsmath\amsopn.sty
Package: amsopn 2022/04/08 v2.04 operator names
)
\inf@bad=\count278
LaTeX Info: Redefining \frac on input line 233.
\uproot@=\count279
\leftroot@=\count280
LaTeX Info: Redefining \overline on input line 398.
LaTeX Info: Redefining \colon on input line 409.
\classnum@=\count281
\DOTSCASE@=\count282
LaTeX Info: Redefining \ldots on input line 495.
LaTeX Info: Redefining \dots on input line 498.
LaTeX Info: Redefining \cdots on input line 619.
\Mathstrutbox@=\box54
\strutbox@=\box55
LaTeX Info: Redefining \big on input line 721.
LaTeX Info: Redefining \Big on input line 722.
LaTeX Info: Redefining \bigg on input line 723.
LaTeX Info: Redefining \Bigg on input line 724.
\big@size=\dimen153
LaTeX Font Info:    Redeclaring font encoding OML on input line 742.
LaTeX Font Info:    Redeclaring font encoding OMS on input line 743.
\macc@depth=\count283
LaTeX Info: Redefining \bmod on input line 904.
LaTeX Info: Redefining \pmod on input line 909.
LaTeX Info: Redefining \smash on input line 939.
LaTeX Info: Redefining \relbar on input line 969.
LaTeX Info: Redefining \Relbar on input line 970.
\c@MaxMatrixCols=\count284
\dotsspace@=\muskip17
\c@parentequation=\count285
\dspbrk@lvl=\count286
\tag@help=\toks22
\row@=\count287
\column@=\count288
\maxfields@=\count289
\andhelp@=\toks23
\eqnshift@=\dimen154
\alignsep@=\dimen155
\tagshift@=\dimen156
\tagwidth@=\dimen157
\totwidth@=\dimen158
\lineht@=\dimen159
\@envbody=\toks24
\multlinegap=\skip60
\multlinetaggap=\skip61
\mathdisplay@stack=\toks25
LaTeX Info: Redefining \[ on input line 2953.
LaTeX Info: Redefining \] on input line 2954.
)
(C:\Users\KRISTIAN LYLE\AppData\Local\MiKTeX\tex/latex/amsfonts\amsfonts.sty
Package: amsfonts 2013/01/14 v3.01 Basic AMSFonts support
\symAMSa=\mathgroup4
\symAMSb=\mathgroup5
LaTeX Font Info:    Redeclaring math symbol \hbar on input line 98.
LaTeX Font Info:    Overwriting math alphabet `\mathfrak' in version `bold'
(Font)                  U/euf/m/n --> U/euf/b/n on input line 106.
)
(C:\Users\KRISTIAN LYLE\AppData\Local\MiKTeX\tex/latex/amsfonts\amssymb.sty
Package: amssymb 2013/01/14 v3.01 AMS font symbols
)
(C:\Users\KRISTIAN LYLE\AppData\Local\MiKTeX\tex/latex/tools\verbatim.sty
Package: verbatim 2024-01-22 v1.5x LaTeX2e package for verbatim enhancements
\every@verbatim=\toks26
\verbatim@line=\toks27
\verbatim@in@stream=\read2
)
(C:\Users\KRISTIAN LYLE\AppData\Local\MiKTeX\tex/latex/url\url.sty
\Urlmuskip=\muskip18
Package: url 2013/09/16  ver 3.4  Verb mode for urls, etc.
)
(C:\Users\KRISTIAN LYLE\AppData\Local\MiKTeX\tex/latex/adjustbox\adjustbox.sty
Package: adjustbox 2022/10/17 v1.3a Adjusting TeX boxes (trim, clip, ...)

(C:\Users\KRISTIAN LYLE\AppData\Local\MiKTeX\tex/latex/xkeyval\xkeyval.sty
Package: xkeyval 2022/06/16 v2.9 package option processing (HA)

(C:\Users\KRISTIAN LYLE\AppData\Local\MiKTeX\tex/generic/xkeyval\xkeyval.tex
(C:\Users\KRISTIAN LYLE\AppData\Local\MiKTeX\tex/generic/xkeyval\xkvutils.tex
\XKV@toks=\toks28
\XKV@tempa@toks=\toks29
)
\XKV@depth=\count290
File: xkeyval.tex 2014/12/03 v2.7a key=value parser (HA)
)) (C:\Users\KRISTIAN LYLE\AppData\Local\MiKTeX\tex/latex/adjustbox\adjcalc.sty
Package: adjcalc 2012/05/16 v1.1 Provides advanced setlength with multiple back
-ends (calc, etex, pgfmath)
) (C:\Users\KRISTIAN LYLE\AppData\Local\MiKTeX\tex/latex/adjustbox\trimclip.sty
Package: trimclip 2020/08/19 v1.2 Trim and clip general TeX material

(C:\Users\KRISTIAN LYLE\AppData\Local\MiKTeX\tex/latex/collectbox\collectbox.st
y
Package: collectbox 2022/10/17 v0.4c Collect macro arguments as boxes
\collectedbox=\box56
)
\tc@llx=\dimen160
\tc@lly=\dimen161
\tc@urx=\dimen162
\tc@ury=\dimen163
Package trimclip Info: Using driver 'tc-pdftex.def'.

(C:\Users\KRISTIAN LYLE\AppData\Local\MiKTeX\tex/latex/adjustbox\tc-pdftex.def
File: tc-pdftex.def 2019/01/04 v2.2 Clipping driver for pdftex
))
\adjbox@Width=\dimen164
\adjbox@Height=\dimen165
\adjbox@Depth=\dimen166
\adjbox@Totalheight=\dimen167
\adjbox@pwidth=\dimen168
\adjbox@pheight=\dimen169
\adjbox@pdepth=\dimen170
\adjbox@ptotalheight=\dimen171

(C:\Users\KRISTIAN LYLE\AppData\Local\MiKTeX\tex/latex/ifoddpage\ifoddpage.sty
Package: ifoddpage 2022/10/18 v1.2 Conditionals for odd/even page detection
\c@checkoddpage=\count291
) (C:\Users\KRISTIAN LYLE\AppData\Local\MiKTeX\tex/latex/varwidth\varwidth.sty
Package: varwidth 2009/03/30 ver 0.92;  Variable-width minipages
\@vwid@box=\box57
\sift@deathcycles=\count292
\@vwid@loff=\dimen172
\@vwid@roff=\dimen173
)) (C:\Users\KRISTIAN LYLE\AppData\Local\MiKTeX\tex/latex/lineno\lineno.sty
Package: lineno 2023/05/20 line numbers on paragraphs v5.3

(C:\Users\KRISTIAN LYLE\AppData\Local\MiKTeX\tex/latex/etoolbox\etoolbox.sty
Package: etoolbox 2020/10/05 v2.5k e-TeX tools for LaTeX (JAW)
\etb@tempcnta=\count293
)
(C:\Users\KRISTIAN LYLE\AppData\Local\MiKTeX\tex/latex/kvoptions\kvoptions.sty
Package: kvoptions 2022-06-15 v3.15 Key value format for package options (HO)

(C:\Users\KRISTIAN LYLE\AppData\Local\MiKTeX\tex/generic/ltxcmds\ltxcmds.sty
Package: ltxcmds 2023-12-04 v1.26 LaTeX kernel commands for general use (HO)
)
(C:\Users\KRISTIAN LYLE\AppData\Local\MiKTeX\tex/latex/kvsetkeys\kvsetkeys.sty
Package: kvsetkeys 2022-10-05 v1.19 Key value parser (HO)
))
\linenopenalty=\count294
\output=\toks30
\linenoprevgraf=\count295
\linenumbersep=\dimen174
\linenumberwidth=\dimen175
\c@linenumber=\count296
\c@pagewiselinenumber=\count297
\c@LN@truepage=\count298
\c@internallinenumber=\count299
\c@internallinenumbers=\count300
\quotelinenumbersep=\dimen176
\bframerule=\dimen177
\bframesep=\dimen178
\bframebox=\box58
\linenoamsmath@ams@eqpen=\count301
LaTeX Info: Redefining \\ on input line 3180.
) (C:\Users\KRISTIAN LYLE\AppData\Local\MiKTeX\tex/latex/float\float.sty
Package: float 2001/11/08 v1.3d Float enhancements (AL)
\c@float@type=\count302
\float@exts=\toks31
\float@box=\box59
\@float@everytoks=\toks32
\@floatcapt=\box60
)
(C:\Users\KRISTIAN LYLE\AppData\Local\MiKTeX\tex/latex/comment\comment.sty
\CommentStream=\write3

Excluding comment 'comment')
(C:\Users\KRISTIAN LYLE\AppData\Local\MiKTeX\tex/latex/titlesec\titlesec.sty
Package: titlesec 2025/01/04 v2.17 Sectioning titles
\ttl@box=\box61
\beforetitleunit=\skip62
\aftertitleunit=\skip63
\ttl@plus=\dimen179
\ttl@minus=\dimen180
\ttl@toksa=\toks33
\titlewidth=\dimen181
\titlewidthlast=\dimen182
\titlewidthfirst=\dimen183
)
(C:\Users\KRISTIAN LYLE\AppData\Local\MiKTeX\tex/latex/base\inputenc.sty
Package: inputenc 2024/02/08 v1.3d Input encoding file
\inpenc@prehook=\toks34
\inpenc@posthook=\toks35
)
(C:\Users\KRISTIAN LYLE\AppData\Local\MiKTeX\tex/latex/tools\array.sty
Package: array 2024/10/17 v2.6g Tabular extension package (FMi)
\col@sep=\dimen184
\ar@mcellbox=\box62
\extrarowheight=\dimen185
\NC@list=\toks36
\extratabsurround=\skip64
\backup@length=\skip65
\ar@cellbox=\box63
)
(C:\Users\KRISTIAN LYLE\AppData\Local\MiKTeX\tex/latex/pdflscape\pdflscape.sty
Package: pdflscape 2022-10-27 v0.13 Display of landscape pages in PDF

(C:\Users\KRISTIAN LYLE\AppData\Local\MiKTeX\tex/latex/pdflscape\pdflscape-nome
tadata.sty
Package: pdflscape-nometadata 2022-10-28 v0.13 Display of landscape pages in PD
F (HO)

(C:\Users\KRISTIAN LYLE\AppData\Local\MiKTeX\tex/generic/iftex\iftex.sty
Package: iftex 2024/12/12 v1.0g TeX engine tests
)
(C:\Users\KRISTIAN LYLE\AppData\Local\MiKTeX\tex/latex/graphics\lscape.sty
Package: lscape 2020/05/28 v3.02 Landscape Pages (DPC)
)
Package pdflscape Info: Auto-detected driver: pdftex on input line 81.
)))
(C:\Users\KRISTIAN LYLE\AppData\Local\MiKTeX\tex/latex/caption\caption.sty
Package: caption 2023/08/05 v3.6o Customizing captions (AR)

(C:\Users\KRISTIAN LYLE\AppData\Local\MiKTeX\tex/latex/caption\caption3.sty
Package: caption3 2023/07/31 v2.4d caption3 kernel (AR)
\caption@tempdima=\dimen186
\captionmargin=\dimen187
\caption@leftmargin=\dimen188
\caption@rightmargin=\dimen189
\caption@width=\dimen190
\caption@indent=\dimen191
\caption@parindent=\dimen192
\caption@hangindent=\dimen193
Package caption Info: Standard document class detected.
)
\c@caption@flags=\count303
\c@continuedfloat=\count304
Package caption Info: float package is loaded.
)
(C:\Users\KRISTIAN LYLE\AppData\Local\MiKTeX\tex/latex/l3backend\l3backend-pdft
ex.def
File: l3backend-pdftex.def 2024-05-08 L3 backend support: PDF output (pdfTeX)
\l__color_backend_stack_int=\count305
\l__pdf_internal_box=\box64
)

LaTeX Warning: Unused global option(s):
    [onepage].

(main.aux (title_page.aux) (approval.aux) (declaration.aux) (dedication.aux)
(acknowledgment.aux) (abstract.aux) (chapter_1.aux) (chapter_2.aux)
(chapter_3.aux) (chapter_4.aux

LaTeX Warning: Label `fig:model' multiply defined.

) (chapter_5.aux) (appendix_A.aux) (appendix_B.aux) (appendix_C.aux

LaTeX Warning: Label `fig:image1' multiply defined.


LaTeX Warning: Label `fig:image2' multiply defined.


LaTeX Warning: Label `fig:image3' multiply defined.

) (appendix_D.aux))
\openout1 = `main.aux'.

LaTeX Font Info:    Checking defaults for OML/cmm/m/it on input line 7.
LaTeX Font Info:    ... okay on input line 7.
LaTeX Font Info:    Checking defaults for OMS/cmsy/m/n on input line 7.
LaTeX Font Info:    ... okay on input line 7.
LaTeX Font Info:    Checking defaults for OT1/cmr/m/n on input line 7.
LaTeX Font Info:    ... okay on input line 7.
LaTeX Font Info:    Checking defaults for T1/cmr/m/n on input line 7.
LaTeX Font Info:    ... okay on input line 7.
LaTeX Font Info:    Checking defaults for TS1/cmr/m/n on input line 7.
LaTeX Font Info:    ... okay on input line 7.
LaTeX Font Info:    Checking defaults for OMX/cmex/m/n on input line 7.
LaTeX Font Info:    ... okay on input line 7.
LaTeX Font Info:    Checking defaults for U/cmr/m/n on input line 7.
LaTeX Font Info:    ... okay on input line 7.

(C:\Users\KRISTIAN LYLE\AppData\Local\MiKTeX\tex/context/base/mkii\supp-pdf.mki
i
[Loading MPS to PDF converter (version 2006.09.02).]
\scratchcounter=\count306
\scratchdimen=\dimen194
\scratchbox=\box65
\nofMPsegments=\count307
\nofMParguments=\count308
\everyMPshowfont=\toks37
\MPscratchCnt=\count309
\MPscratchDim=\dimen195
\MPnumerator=\count310
\makeMPintoPDFobject=\count311
\everyMPtoPDFconversion=\toks38
)
(C:\Users\KRISTIAN LYLE\AppData\Local\MiKTeX\tex/latex/epstopdf-pkg\epstopdf-ba
se.sty
Package: epstopdf-base 2020-01-24 v2.11 Base part for package epstopdf
Package epstopdf-base Info: Redefining graphics rule for `.eps' on input line 4
85.

(C:\Users\KRISTIAN LYLE\AppData\Local\MiKTeX\tex/latex/00miktex\epstopdf-sys.cf
g
File: epstopdf-sys.cfg 2021/03/18 v2.0 Configuration of epstopdf for MiKTeX
))
\c@maskedRefs=\count312
 (C:\Users\KRISTIAN LYLE\AppData\Local\MiKTeX\tex/latex/apacite\english.apc
File: english.apc 2013/07/21 v6.03 apacite language file
LaTeX Info: Redefining \BPBI on input line 129.
LaTeX Info: Redefining \BHBI on input line 130.
)
Package caption Info: Begin \AtBeginDocument code.
Package caption Info: End \AtBeginDocument code.
\openout2 = `title_page.aux'.

(title_page.tex

[1


{C:/Users/KRISTIAN LYLE/AppData/Local/MiKTeX/fonts/map/pdftex/pdftex.map}])
\openout2 = `approval.aux'.


(approval.tex
LaTeX Font Info:    Trying to load font information for U+msa on input line 15.


(C:\Users\KRISTIAN LYLE\AppData\Local\MiKTeX\tex/latex/amsfonts\umsa.fd
File: umsa.fd 2013/01/14 v3.01 AMS symbols A
)
LaTeX Font Info:    Trying to load font information for U+msb on input line 15.


(C:\Users\KRISTIAN LYLE\AppData\Local\MiKTeX\tex/latex/amsfonts\umsb.fd
File: umsb.fd 2013/01/14 v3.01 AMS symbols B
))
Overfull \hbox (13.75838pt too wide) in paragraph at lines 15--12
[][] 
 []



[2



]
\openout2 = `declaration.aux'.

 (declaration.tex)

[3



]
\openout2 = `dedication.aux'.

 (dedication.tex)

[4



]
\openout2 = `acknowledgment.aux'.

 (acknowledgment.tex)

[5



]
\openout2 = `abstract.aux'.

 (abstract.tex

[1



]) (main.toc

[2



])
\tf@toc=\write4
\openout4 = `main.toc'.



[3] (main.lof

[4

])
\tf@lof=\write5
\openout5 = `main.lof'.



[5] (main.lot)
\tf@lot=\write6
\openout6 = `main.lot'.



[6

]
\openout2 = `chapter_1.aux'.

 (chapter_1.tex
Chapter 1.


[1


]

[2]

[3]

[4])

[5]
\openout2 = `chapter_2.aux'.

 (chapter_2.tex
Chapter 2.


[6




]
Underfull \hbox (badness 10000) in paragraph at lines 23--25

 []


Overfull \hbox (12.35379pt too wide) in paragraph at lines 27--29
\OT1/cmr/bx/n/14.4 Road Anomaly De-tec-tion through Deep Learn-ing Ap-proaches 

 []


Underfull \hbox (badness 10000) in paragraph at lines 27--29

 []



[7]
Underfull \hbox (badness 10000) in paragraph at lines 30--32

 []


Underfull \hbox (badness 10000) in paragraph at lines 33--35

 []



[8]
Underfull \hbox (badness 10000) in paragraph at lines 38--40

 []


Underfull \hbox (badness 10000) in paragraph at lines 41--43

 []



[9]
Overfull \hbox (2.04216pt too wide) in paragraph at lines 46--48
\OT1/cmr/bx/n/14.4 Stereo Vi-sion Based Pot-hole De-tec-tion Sys-tem for Im-pro
ved
 []


Underfull \hbox (badness 10000) in paragraph at lines 46--48

 []



[10]
Underfull \hbox (badness 10000) in paragraph at lines 59--59
[]|\OT1/cmr/bx/n/10.95 Technology/
 []


Underfull \hbox (badness 10000) in paragraph at lines 61--61
[]|\OT1/cmr/m/n/10.95 Automated De-
 []


Underfull \hbox (badness 10000) in paragraph at lines 61--61
\OT1/cmr/m/n/10.95 tec-tion and
 []


Underfull \hbox (badness 10000) in paragraph at lines 61--61
\OT1/cmr/m/n/10.95 Clas-si-fi-ca-tion of
 []


Underfull \hbox (badness 5578) in paragraph at lines 61--61
\OT1/cmr/m/n/10.95 Road Anoma-lies
 []


Underfull \hbox (badness 3128) in paragraph at lines 61--61
[]|\OT1/cmr/m/n/10.95 Lacks find-ings re-gard-ing
 []


Underfull \hbox (badness 10000) in paragraph at lines 63--63
[]|\OT1/cmr/m/n/10.95 Smartphones as
 []


Underfull \hbox (badness 5787) in paragraph at lines 63--63
\OT1/cmr/m/n/10.95 sur-face mon-i-tor-
 []


Underfull \hbox (badness 10000) in paragraph at lines 63--63
[]|\OT1/cmr/m/n/10.95 Machine Learn-ing,
 []


Underfull \hbox (badness 4872) in paragraph at lines 63--63
\OT1/cmr/m/n/10.95 en-ta-tion, smooth-ness of
 []


Underfull \hbox (badness 10000) in paragraph at lines 65--65
[]|\OT1/cmr/m/n/10.95 Road Anomaly
 []


Underfull \hbox (badness 10000) in paragraph at lines 65--65
\OT1/cmr/m/n/10.95 De-tec-tion
 []


Underfull \hbox (badness 10000) in paragraph at lines 65--65
\OT1/cmr/m/n/10.95 through Deep
 []


Underfull \hbox (badness 10000) in paragraph at lines 65--65
\OT1/cmr/m/n/10.95 Learn-ing Ap-
 []


Underfull \hbox (badness 4531) in paragraph at lines 65--65
[]|\OT1/cmr/m/n/10.95 Convolutional Neu-
 []


Underfull \hbox (badness 2538) in paragraph at lines 65--65
\OT1/cmr/m/n/10.95 ral Net-work, Deep
 []


Underfull \hbox (badness 10000) in paragraph at lines 65--65
\OT1/cmr/m/n/10.95 Feed-for-ward Net-
 []


Underfull \hbox (badness 6995) in paragraph at lines 67--67
[]|\OT1/cmr/m/n/10.95 Assessing Sever-
 []


Underfull \hbox (badness 10000) in paragraph at lines 67--67
\OT1/cmr/m/n/10.95 ity of Road
 []


Underfull \hbox (badness 10000) in paragraph at lines 67--67
\OT1/cmr/m/n/10.95 Cracks Us-ing
 []


Underfull \hbox (badness 10000) in paragraph at lines 67--67
\OT1/cmr/m/n/10.95 Deep Learning-
 []


Underfull \hbox (badness 10000) in paragraph at lines 67--67
\OT1/cmr/m/n/10.95 Based Seg-
 []


Underfull \hbox (badness 10000) in paragraph at lines 67--67
\OT1/cmr/m/n/10.95 men-ta-tion and
 []


Underfull \hbox (badness 10000) in paragraph at lines 67--67
[]|\OT1/cmr/m/n/10.95 SqueezNet, U-Net,
 []


Underfull \hbox (badness 10000) in paragraph at lines 67--67
\OT1/cmr/m/n/10.95 YOLOv5, and
 []


Underfull \hbox (badness 10000) in paragraph at lines 67--67
\OT1/cmr/m/n/10.95 MobileNet-SSD
 []


Underfull \hbox (badness 10000) in paragraph at lines 69--69
[]|\OT1/cmr/m/n/10.95 Stereo Vi-sion
 []


Underfull \hbox (badness 10000) in paragraph at lines 69--69
\OT1/cmr/m/n/10.95 Based Pot-hole
 []


Underfull \hbox (badness 10000) in paragraph at lines 69--69
\OT1/cmr/m/n/10.95 for Im-proved
 []


Underfull \hbox (badness 1755) in paragraph at lines 69--69
\OT1/cmr/m/n/10.95 hole and road con-di-tion
 []


Overfull \hbox (75.46518pt too wide) in paragraph at lines 54--72
 [] 
 []

)
Overfull \hbox (6.3334pt too wide) in paragraph at lines 51--27
\OT1/cmr/m/n/12 The re-viewed lit-er-a-ture in-volved var-i-ous tech-niques and
 ap-proaches in road anomaly
 []



[11]
\openout2 = `chapter_3.aux'.

 (chapter_3.tex
Chapter 3.


[12




]

[13]
<Parts.png, id=84, 1840.8775pt x 1314.9125pt>
File: Parts.png Graphic file (type png)
<use Parts.png>
Package pdftex.def Info: Parts.png  used on input line 59.
(pdftex.def)             Requested size: 415.55249pt x 296.82568pt.


[14]
<3.jpg, id=90, 1276.01718pt x 956.82469pt>
File: 3.jpg Graphic file (type jpg)
<use 3.jpg>
Package pdftex.def Info: 3.jpg  used on input line 71.
(pdftex.def)             Requested size: 186.99734pt x 140.21791pt.
<1.jpg, id=91, 2055.68pt x 1481.535pt>
File: 1.jpg Graphic file (type jpg)
<use 1.jpg>
Package pdftex.def Info: 1.jpg  used on input line 77.
(pdftex.def)             Requested size: 186.99734pt x 134.75659pt.


[15 <./Parts.png (PNG copy)>]
<prototype.png, id=95, 1588.93625pt x 1135.24126pt>
File: prototype.png Graphic file (type png)
<use prototype.png>
Package pdftex.def Info: prototype.png  used on input line 84.
(pdftex.def)             Requested size: 317.78162pt x 227.04422pt.
<calibration.png, id=96, 1284.8pt x 481.8pt>
File: calibration.png Graphic file (type png)
<use calibration.png>
Package pdftex.def Info: calibration.png  used on input line 94.
(pdftex.def)             Requested size: 321.19922pt x 120.44969pt.


[16 <./3.jpg> <./1.jpg> <./prototype.png (PNG copy)>]
<calibration2.jpg, id=101, 1927.2pt x 918.43124pt>
File: calibration2.jpg Graphic file (type jpg)
<use calibration2.jpg>
Package pdftex.def Info: calibration2.jpg  used on input line 103.
(pdftex.def)             Requested size: 289.06754pt x 137.75874pt.


[17 <./calibration.png> <./calibration2.jpg>]
<initialtest.jpg, id=106, 688.82344pt x 489.32813pt>
File: initialtest.jpg Graphic file (type jpg)
<use initialtest.jpg>
Package pdftex.def Info: initialtest.jpg  used on input line 112.
(pdftex.def)             Requested size: 241.09181pt x 171.2674pt.
<inversemodel.png, id=107, 408.02437pt x 236.38312pt>
File: inversemodel.png Graphic file (type png)
<use inversemodel.png>
Package pdftex.def Info: inversemodel.png  used on input line 121.
(pdftex.def)             Requested size: 224.4141pt x 130.01111pt.


[18 <./initialtest.jpg> <./inversemodel.png>])

[19]
\openout2 = `chapter_4.aux'.

 (chapter_4.tex
Chapter 4.


[20




]

[21]
<pothole disparity.png, id=124, 250.68657pt x 190.46156pt>
File: pothole disparity.png Graphic file (type png)
<use pothole disparity.png>
Package pdftex.def Info: pothole disparity.png  used on input line 84.
(pdftex.def)             Requested size: 132.97983pt x 101.03712pt.
<pothole raw left.png, id=125, 250.68657pt x 186.6975pt>
File: pothole raw left.png Graphic file (type png)
<use pothole raw left.png>
Package pdftex.def Info: pothole raw left.png  used on input line 91.
(pdftex.def)             Requested size: 132.97983pt x 99.04036pt.
<pothole raw right.png, id=126, 250.68657pt x 188.20313pt>
File: pothole raw right.png Graphic file (type png)
<use pothole raw right.png>
Package pdftex.def Info: pothole raw right.png  used on input line 98.
(pdftex.def)             Requested size: 132.97983pt x 99.83907pt.

Overfull \hbox (27.32071pt too wide) in paragraph at lines 109--116
 [][] 
 []

LaTeX Font Info:    Trying to load font information for OML+cmr on input line 1
27.
(C:\Users\KRISTIAN LYLE\AppData\Local\MiKTeX\tex/latex/base\omlcmr.fd
File: omlcmr.fd 2024/11/19 v2.5n Standard LaTeX font definitions
)
LaTeX Font Info:    Font shape `OML/cmr/m/n' in size <12> not available
(Font)              Font shape `OML/cmm/m/it' tried instead on input line 127.
<regression.png, id=127, 474.27188pt x 395.22656pt>
File: regression.png Graphic file (type png)
<use regression.png>
Package pdftex.def Info: regression.png  used on input line 136.
(pdftex.def)             Requested size: 260.85034pt x 217.37527pt.


[22 <./pothole disparity.png> <./pothole raw left.png> <./pothole raw right.png
>]

[23 <./regression.png>])

[24]
\openout2 = `chapter_5.aux'.

 (chapter_5.tex
Chapter 5.


[25




]

[26]

[27])

[28] (main.bbl
Underfull \hbox (badness 1024) in paragraph at lines 141--157
[]\OT1/cmr/m/n/12 Luo, D., Lu, J., & Guo, G.  (2020, June).  Road Anomaly De-te
c-tion
 []



[29



])

[30]
\openout2 = `appendix_A.aux'.

 (appendix_A.tex
Appendix A.
)

[31


]
\openout2 = `appendix_B.aux'.

 (appendix_B.tex
Appendix B.

Underfull \hbox (badness 10000) in paragraph at lines 31--32

 []

)

[32




]
\openout2 = `appendix_C.aux'.

 (appendix_C.tex
Appendix C.

LaTeX Warning: `!h' float specifier changed to `!ht'.

File: pothole disparity.png Graphic file (type png)
<use pothole disparity.png>
Package pdftex.def Info: pothole disparity.png  used on input line 58.
(pdftex.def)             Requested size: 132.97983pt x 101.03712pt.

Underfull \hbox (badness 5446) in paragraph at lines 59--59
[]\OT1/cmr/m/n/12 Figure C.1: |Dis-par-ity
 []

File: pothole raw left.png Graphic file (type png)
<use pothole raw left.png>
Package pdftex.def Info: pothole raw left.png  used on input line 65.
(pdftex.def)             Requested size: 132.97983pt x 99.04036pt.
File: pothole raw right.png Graphic file (type png)
<use pothole raw right.png>
Package pdftex.def Info: pothole raw right.png  used on input line 72.
(pdftex.def)             Requested size: 132.97983pt x 99.83907pt.
)

[33




]

[34]
\openout2 = `appendix_D.aux'.

 (appendix_D.tex
Appendix D.
<figures/DPWH_Letter.jpg, id=176, 1223.57124pt x 1720.4275pt>
File: figures/DPWH_Letter.jpg Graphic file (type jpg)
<use figures/DPWH_Letter.jpg>
Package pdftex.def Info: figures/DPWH_Letter.jpg  used on input line 7.
(pdftex.def)             Requested size: 415.55249pt x 584.28133pt.
<figures/Admin_Letter.jpg, id=177, 1443.3925pt x 2055.68pt>
File: figures/Admin_Letter.jpg Graphic file (type jpg)
<use figures/Admin_Letter.jpg>
Package pdftex.def Info: figures/Admin_Letter.jpg  used on input line 14.
(pdftex.def)             Requested size: 415.55249pt x 591.83464pt.

LaTeX Warning: Float too large for page by 16.53963pt on input line 17.

<figures/Manual_Page1.png, id=178, 614.295pt x 794.97pt>
File: figures/Manual_Page1.png Graphic file (type png)
<use figures/Manual_Page1.png>
Package pdftex.def Info: figures/Manual_Page1.png  used on input line 21.
(pdftex.def)             Requested size: 415.55249pt x 537.7825pt.
<figures/Manual_Page2.jpg, id=179, 614.295pt x 794.97pt>
File: figures/Manual_Page2.jpg Graphic file (type jpg)
<use figures/Manual_Page2.jpg>
Package pdftex.def Info: figures/Manual_Page2.jpg  used on input line 28.
(pdftex.def)             Requested size: 415.55249pt x 537.7825pt.
<figures/Manual_Page3.jpg, id=180, 614.295pt x 794.97pt>
File: figures/Manual_Page3.jpg Graphic file (type jpg)
<use figures/Manual_Page3.jpg>
Package pdftex.def Info: figures/Manual_Page3.jpg  used on input line 35.
(pdftex.def)             Requested size: 415.55249pt x 537.7825pt.
<figures/Manual_Page4.jpg, id=181, 614.295pt x 794.97pt>
File: figures/Manual_Page4.jpg Graphic file (type jpg)
<use figures/Manual_Page4.jpg>
Package pdftex.def Info: figures/Manual_Page4.jpg  used on input line 42.
(pdftex.def)             Requested size: 415.55249pt x 537.7825pt.
<figures/Manual_Page5.jpg, id=182, 614.295pt x 794.97pt>
File: figures/Manual_Page5.jpg Graphic file (type jpg)
<use figures/Manual_Page5.jpg>
Package pdftex.def Info: figures/Manual_Page5.jpg  used on input line 49.
(pdftex.def)             Requested size: 415.55249pt x 537.7825pt.
)

[35




]

[36 <./figures/DPWH_Letter.jpg>]

[37 <./figures/Admin_Letter.jpg>]

[38 <./figures/Manual_Page1.png (PNG copy)>]

[39 <./figures/Manual_Page2.jpg>]

[40 <./figures/Manual_Page3.jpg>]

[41 <./figures/Manual_Page4.jpg>]

[42 <./figures/Manual_Page5.jpg>] (main.aux (title_page.aux) (approval.aux)
(declaration.aux) (dedication.aux) (acknowledgment.aux) (abstract.aux)
(chapter_1.aux) (chapter_2.aux) (chapter_3.aux) (chapter_4.aux) (chapter_5.aux)
(appendix_A.aux) (appendix_B.aux) (appendix_C.aux) (appendix_D.aux))
 ***********
LaTeX2e <2024-11-01> patch level 1
L3 programming layer <2024-12-25>
 ***********


LaTeX Warning: There were multiply-defined labels.

 ) 
Here is how much of TeX's memory you used:
 9188 strings out of 473536
 158209 string characters out of 5715377
 563978 words of memory out of 5000000
 32148 multiletter control sequences out of 15000+600000
 569561 words of font info for 76 fonts, out of 8000000 for 9000
 1143 hyphenation exceptions out of 8191
 79i,12n,122p,1925b,440s stack positions out of 10000i,1000n,20000p,200000b,200000s
 <C:\Users\KRISTIAN LYLE\AppData\Local\MiKTeX\fonts/pk/ljfour/jknappen/ec/dpi
600\tcrm1200.pk><C:/Users/KRISTIAN LYLE/AppData/Local/MiKTeX/fonts/type1/public
/amsfonts/cm/cmbx10.pfb><C:/Users/KRISTIAN LYLE/AppData/Local/MiKTeX/fonts/type
1/public/amsfonts/cm/cmbx12.pfb><C:/Users/KRISTIAN LYLE/AppData/Local/MiKTeX/fo
nts/type1/public/amsfonts/cm/cmbx8.pfb><C:/Users/KRISTIAN LYLE/AppData/Local/Mi
KTeX/fonts/type1/public/amsfonts/cm/cmcsc10.pfb><C:/Users/KRISTIAN LYLE/AppData
/Local/MiKTeX/fonts/type1/public/amsfonts/cm/cmmi12.pfb><C:/Users/KRISTIAN LYLE
/AppData/Local/MiKTeX/fonts/type1/public/amsfonts/cm/cmr10.pfb><C:/Users/KRISTI
AN LYLE/AppData/Local/MiKTeX/fonts/type1/public/amsfonts/cm/cmr12.pfb><C:/Users
/KRISTIAN LYLE/AppData/Local/MiKTeX/fonts/type1/public/amsfonts/cm/cmr8.pfb><C:
/Users/KRISTIAN LYLE/AppData/Local/MiKTeX/fonts/type1/public/amsfonts/cm/cmss8.
pfb><C:/Users/KRISTIAN LYLE/AppData/Local/MiKTeX/fonts/type1/public/amsfonts/cm
/cmsy10.pfb><C:/Users/KRISTIAN LYLE/AppData/Local/MiKTeX/fonts/type1/public/ams
fonts/cm/cmti12.pfb><C:/Users/KRISTIAN LYLE/AppData/Local/MiKTeX/fonts/type1/pu
blic/amsfonts/cm/cmtt12.pfb>
Output written on main.pdf (53 pages, 12143019 bytes).
PDF statistics:
 266 PDF objects out of 1000 (max. 8388607)
 0 named destinations out of 1000 (max. 500000)
 96 words of extra memory for PDF output out of 10000 (max. 10000000)

